[0.207s] DEBUG:colcon:Command line arguments: ['/usr/bin/colcon', 'build', '--merge-install']
[0.207s] DEBUG:colcon:Parsed command line arguments: Namespace(log_base=None, log_level=None, verb_name='build', build_base='build', install_base='install', merge_install=True, symlink_install=False, test_result_base=None, continue_on_error=False, executor='parallel', parallel_workers=8, event_handlers=None, ignore_user_meta=False, metas=['./colcon.meta'], base_paths=['.'], packages_ignore=None, packages_ignore_regex=None, paths=None, packages_up_to=None, packages_up_to_regex=None, packages_above=None, packages_above_and_dependencies=None, packages_above_depth=None, packages_select_by_dep=None, packages_skip_by_dep=None, packages_skip_up_to=None, packages_select_build_failed=False, packages_skip_build_finished=False, packages_select_test_failures=False, packages_skip_test_passed=False, packages_select=None, packages_skip=None, packages_select_regex=None, packages_skip_regex=None, packages_start=None, packages_end=None, allow_overriding=[], cmake_args=None, cmake_target=None, cmake_target_skip_unavailable=False, cmake_clean_cache=False, cmake_clean_first=False, cmake_force_configure=False, ament_cmake_args=None, catkin_cmake_args=None, catkin_skip_building_tests=False, mixin_files=None, mixin=None, verb_parser=<colcon_mixin.mixin.mixin_argument.MixinArgumentDecorator object at 0xffffa8376da0>, verb_extension=<colcon_core.verb.build.BuildVerb object at 0xffffa8573bb0>, main=<bound method BuildVerb.main of <colcon_core.verb.build.BuildVerb object at 0xffffa8573bb0>>, mixin_verb=('build',))
[0.526s] Level 1:colcon.colcon_core.package_discovery:discover_packages(colcon_meta) check parameters
[0.526s] Level 1:colcon.colcon_core.package_discovery:discover_packages(recursive) check parameters
[0.526s] Level 1:colcon.colcon_core.package_discovery:discover_packages(ignore) check parameters
[0.527s] Level 1:colcon.colcon_core.package_discovery:discover_packages(path) check parameters
[0.527s] Level 1:colcon.colcon_core.package_discovery:discover_packages(colcon_meta) discover
[0.527s] Level 1:colcon.colcon_core.package_discovery:discover_packages(recursive) discover
[0.527s] INFO:colcon.colcon_core.package_discovery:Crawling recursively for packages in '/home/miriam/MIVIA_ROVER_JETSON'
[0.527s] Level 1:colcon.colcon_core.package_identification:_identify(.) by extensions ['ignore', 'ignore_ament_install']
[0.527s] Level 1:colcon.colcon_core.package_identification:_identify(.) by extension 'ignore'
[0.527s] Level 1:colcon.colcon_core.package_identification:_identify(.) by extension 'ignore_ament_install'
[0.528s] Level 1:colcon.colcon_core.package_identification:_identify(.) by extensions ['colcon_pkg']
[0.528s] Level 1:colcon.colcon_core.package_identification:_identify(.) by extension 'colcon_pkg'
[0.528s] Level 1:colcon.colcon_core.package_identification:_identify(.) by extensions ['colcon_meta']
[0.528s] Level 1:colcon.colcon_core.package_identification:_identify(.) by extension 'colcon_meta'
[0.528s] Level 1:colcon.colcon_core.package_identification:_identify(.) by extensions ['ros']
[0.528s] Level 1:colcon.colcon_core.package_identification:_identify(.) by extension 'ros'
[0.551s] DEBUG:colcon.colcon_core.package_identification:Package '.' with type 'ros.ament_cmake' and name 'mivia_rover_jetson'
[0.552s] Level 1:colcon.colcon_core.package_discovery:discover_packages(recursive) using defaults
[0.552s] Level 1:colcon.colcon_core.package_discovery:discover_packages(ignore) discover
[0.552s] Level 1:colcon.colcon_core.package_discovery:discover_packages(ignore) using defaults
[0.552s] Level 1:colcon.colcon_core.package_discovery:discover_packages(path) discover
[0.552s] Level 1:colcon.colcon_core.package_discovery:discover_packages(path) using defaults
[0.616s] Level 1:colcon.colcon_core.package_discovery:discover_packages(prefix_path) check parameters
[0.616s] Level 1:colcon.colcon_core.package_discovery:discover_packages(prefix_path) discover
[0.621s] DEBUG:colcon.colcon_installed_package_information.package_discovery:Found 1 installed packages in /home/miriam/MIVIA_ROVER_JETSON/install
[0.622s] DEBUG:colcon.colcon_installed_package_information.package_discovery:Found 16 installed packages in /home/miriam/ros2_ws/install
[0.624s] DEBUG:colcon.colcon_installed_package_information.package_discovery:Found 274 installed packages in /opt/ros/humble
[0.627s] Level 1:colcon.colcon_core.package_discovery:discover_packages(prefix_path) using defaults
[0.695s] Level 5:colcon.colcon_core.verb:set package 'mivia_rover_jetson' build argument 'cmake_args' from command line to 'None'
[0.695s] Level 5:colcon.colcon_core.verb:set package 'mivia_rover_jetson' build argument 'cmake_target' from command line to 'None'
[0.695s] Level 5:colcon.colcon_core.verb:set package 'mivia_rover_jetson' build argument 'cmake_target_skip_unavailable' from command line to 'False'
[0.695s] Level 5:colcon.colcon_core.verb:set package 'mivia_rover_jetson' build argument 'cmake_clean_cache' from command line to 'False'
[0.695s] Level 5:colcon.colcon_core.verb:set package 'mivia_rover_jetson' build argument 'cmake_clean_first' from command line to 'False'
[0.695s] Level 5:colcon.colcon_core.verb:set package 'mivia_rover_jetson' build argument 'cmake_force_configure' from command line to 'False'
[0.695s] Level 5:colcon.colcon_core.verb:set package 'mivia_rover_jetson' build argument 'ament_cmake_args' from command line to 'None'
[0.695s] Level 5:colcon.colcon_core.verb:set package 'mivia_rover_jetson' build argument 'catkin_cmake_args' from command line to 'None'
[0.695s] Level 5:colcon.colcon_core.verb:set package 'mivia_rover_jetson' build argument 'catkin_skip_building_tests' from command line to 'False'
[0.695s] DEBUG:colcon.colcon_core.verb:Building package 'mivia_rover_jetson' with the following arguments: {'ament_cmake_args': None, 'build_base': '/home/miriam/MIVIA_ROVER_JETSON/build/mivia_rover_jetson', 'catkin_cmake_args': None, 'catkin_skip_building_tests': False, 'cmake_args': None, 'cmake_clean_cache': False, 'cmake_clean_first': False, 'cmake_force_configure': False, 'cmake_target': None, 'cmake_target_skip_unavailable': False, 'install_base': '/home/miriam/MIVIA_ROVER_JETSON/install', 'merge_install': True, 'path': '/home/miriam/MIVIA_ROVER_JETSON', 'symlink_install': False, 'test_result_base': None}
[0.696s] INFO:colcon.colcon_core.executor:Executing jobs using 'parallel' executor
[0.698s] DEBUG:colcon.colcon_parallel_executor.executor.parallel:run_until_complete
[0.699s] INFO:colcon.colcon_ros.task.ament_cmake.build:Building ROS package in '/home/miriam/MIVIA_ROVER_JETSON' with build type 'ament_cmake'
[0.699s] INFO:colcon.colcon_cmake.task.cmake.build:Building CMake package in '/home/miriam/MIVIA_ROVER_JETSON'
[0.703s] INFO:colcon.colcon_core.plugin_system:Skipping extension 'colcon_core.shell.bat': Not used on non-Windows systems
[0.703s] INFO:colcon.colcon_core.shell:Skip shell extension 'powershell' for command environment: Not usable outside of PowerShell
[0.703s] DEBUG:colcon.colcon_core.shell:Skip shell extension 'dsv' for command environment
[0.720s] DEBUG:colcon.colcon_core.event_handler.log_command:Invoking command in '/home/miriam/MIVIA_ROVER_JETSON/build/mivia_rover_jetson': CMAKE_PREFIX_PATH=${CMAKE_PREFIX_PATH}:/home/miriam/ros2_ws/install/rover_bringup_pkg:/home/miriam/ros2_ws/install/dwm1001_visualization:/home/miriam/ros2_ws/install/dwm1001_transform:/home/miriam/ros2_ws/install/dwm1001_driver:/opt/ros/humble /usr/bin/cmake --build /home/miriam/MIVIA_ROVER_JETSON/build/mivia_rover_jetson -- -j8 -l8
[1.829s] DEBUG:colcon.colcon_core.event_handler.log_command:Invoked command in '/home/miriam/MIVIA_ROVER_JETSON/build/mivia_rover_jetson' returned '0': CMAKE_PREFIX_PATH=${CMAKE_PREFIX_PATH}:/home/miriam/ros2_ws/install/rover_bringup_pkg:/home/miriam/ros2_ws/install/dwm1001_visualization:/home/miriam/ros2_ws/install/dwm1001_transform:/home/miriam/ros2_ws/install/dwm1001_driver:/opt/ros/humble /usr/bin/cmake --build /home/miriam/MIVIA_ROVER_JETSON/build/mivia_rover_jetson -- -j8 -l8
[1.854s] DEBUG:colcon.colcon_core.event_handler.log_command:Invoking command in '/home/miriam/MIVIA_ROVER_JETSON/build/mivia_rover_jetson': CMAKE_PREFIX_PATH=${CMAKE_PREFIX_PATH}:/home/miriam/ros2_ws/install/rover_bringup_pkg:/home/miriam/ros2_ws/install/dwm1001_visualization:/home/miriam/ros2_ws/install/dwm1001_transform:/home/miriam/ros2_ws/install/dwm1001_driver:/opt/ros/humble /usr/bin/cmake --install /home/miriam/MIVIA_ROVER_JETSON/build/mivia_rover_jetson
[1.876s] Level 1:colcon.colcon_core.environment:create_environment_scripts_only(mivia_rover_jetson)
[1.878s] DEBUG:colcon.colcon_core.event_handler.log_command:Invoked command in '/home/miriam/MIVIA_ROVER_JETSON/build/mivia_rover_jetson' returned '0': CMAKE_PREFIX_PATH=${CMAKE_PREFIX_PATH}:/home/miriam/ros2_ws/install/rover_bringup_pkg:/home/miriam/ros2_ws/install/dwm1001_visualization:/home/miriam/ros2_ws/install/dwm1001_transform:/home/miriam/ros2_ws/install/dwm1001_driver:/opt/ros/humble /usr/bin/cmake --install /home/miriam/MIVIA_ROVER_JETSON/build/mivia_rover_jetson
[1.887s] Level 1:colcon.colcon_core.environment:checking '/home/miriam/MIVIA_ROVER_JETSON/install' for CMake module files
[1.889s] Level 1:colcon.colcon_core.environment:checking '/home/miriam/MIVIA_ROVER_JETSON/install' for CMake config files
[1.890s] Level 1:colcon.colcon_core.shell:create_environment_hook('mivia_rover_jetson', 'cmake_prefix_path')
[1.891s] INFO:colcon.colcon_core.shell:Creating environment hook '/home/miriam/MIVIA_ROVER_JETSON/install/share/mivia_rover_jetson/hook/cmake_prefix_path.ps1'
[1.894s] INFO:colcon.colcon_core.shell:Creating environment descriptor '/home/miriam/MIVIA_ROVER_JETSON/install/share/mivia_rover_jetson/hook/cmake_prefix_path.dsv'
[1.896s] INFO:colcon.colcon_core.shell:Creating environment hook '/home/miriam/MIVIA_ROVER_JETSON/install/share/mivia_rover_jetson/hook/cmake_prefix_path.sh'
[1.900s] Level 1:colcon.colcon_core.environment:checking '/home/miriam/MIVIA_ROVER_JETSON/install/bin'
[1.900s] Level 1:colcon.colcon_core.environment:checking '/home/miriam/MIVIA_ROVER_JETSON/install/lib/pkgconfig/mivia_rover_jetson.pc'
[1.901s] Level 1:colcon.colcon_core.environment:checking '/home/miriam/MIVIA_ROVER_JETSON/install/lib/python3.10/site-packages'
[1.902s] Level 1:colcon.colcon_core.environment:checking '/home/miriam/MIVIA_ROVER_JETSON/install/bin'
[1.904s] INFO:colcon.colcon_core.shell:Creating package script '/home/miriam/MIVIA_ROVER_JETSON/install/share/mivia_rover_jetson/package.ps1'
[1.907s] INFO:colcon.colcon_core.shell:Creating package descriptor '/home/miriam/MIVIA_ROVER_JETSON/install/share/mivia_rover_jetson/package.dsv'
[1.909s] INFO:colcon.colcon_core.shell:Creating package script '/home/miriam/MIVIA_ROVER_JETSON/install/share/mivia_rover_jetson/package.sh'
[1.912s] INFO:colcon.colcon_core.shell:Creating package script '/home/miriam/MIVIA_ROVER_JETSON/install/share/mivia_rover_jetson/package.bash'
[1.915s] INFO:colcon.colcon_core.shell:Creating package script '/home/miriam/MIVIA_ROVER_JETSON/install/share/mivia_rover_jetson/package.zsh'
[1.917s] Level 1:colcon.colcon_core.environment:create_file_with_runtime_dependencies(/home/miriam/MIVIA_ROVER_JETSON/install/share/colcon-core/packages/mivia_rover_jetson)
[1.920s] Level 1:colcon.colcon_core.environment:create_environment_scripts_only(mivia_rover_jetson)
[1.920s] Level 1:colcon.colcon_core.environment:checking '/home/miriam/MIVIA_ROVER_JETSON/install' for CMake module files
[1.922s] Level 1:colcon.colcon_core.environment:checking '/home/miriam/MIVIA_ROVER_JETSON/install' for CMake config files
[1.923s] Level 1:colcon.colcon_core.shell:create_environment_hook('mivia_rover_jetson', 'cmake_prefix_path')
[1.924s] INFO:colcon.colcon_core.shell:Creating environment hook '/home/miriam/MIVIA_ROVER_JETSON/install/share/mivia_rover_jetson/hook/cmake_prefix_path.ps1'
[1.925s] INFO:colcon.colcon_core.shell:Creating environment descriptor '/home/miriam/MIVIA_ROVER_JETSON/install/share/mivia_rover_jetson/hook/cmake_prefix_path.dsv'
[1.926s] INFO:colcon.colcon_core.shell:Creating environment hook '/home/miriam/MIVIA_ROVER_JETSON/install/share/mivia_rover_jetson/hook/cmake_prefix_path.sh'
[1.928s] Level 1:colcon.colcon_core.environment:checking '/home/miriam/MIVIA_ROVER_JETSON/install/bin'
[1.928s] Level 1:colcon.colcon_core.environment:checking '/home/miriam/MIVIA_ROVER_JETSON/install/lib/pkgconfig/mivia_rover_jetson.pc'
[1.929s] Level 1:colcon.colcon_core.environment:checking '/home/miriam/MIVIA_ROVER_JETSON/install/lib/python3.10/site-packages'
[1.930s] Level 1:colcon.colcon_core.environment:checking '/home/miriam/MIVIA_ROVER_JETSON/install/bin'
[1.931s] INFO:colcon.colcon_core.shell:Creating package script '/home/miriam/MIVIA_ROVER_JETSON/install/share/mivia_rover_jetson/package.ps1'
[1.932s] INFO:colcon.colcon_core.shell:Creating package descriptor '/home/miriam/MIVIA_ROVER_JETSON/install/share/mivia_rover_jetson/package.dsv'
[1.934s] INFO:colcon.colcon_core.shell:Creating package script '/home/miriam/MIVIA_ROVER_JETSON/install/share/mivia_rover_jetson/package.sh'
[1.935s] INFO:colcon.colcon_core.shell:Creating package script '/home/miriam/MIVIA_ROVER_JETSON/install/share/mivia_rover_jetson/package.bash'
[1.936s] INFO:colcon.colcon_core.shell:Creating package script '/home/miriam/MIVIA_ROVER_JETSON/install/share/mivia_rover_jetson/package.zsh'
[1.938s] Level 1:colcon.colcon_core.environment:create_file_with_runtime_dependencies(/home/miriam/MIVIA_ROVER_JETSON/install/share/colcon-core/packages/mivia_rover_jetson)
[1.938s] DEBUG:colcon.colcon_parallel_executor.executor.parallel:closing loop
[1.939s] DEBUG:colcon.colcon_parallel_executor.executor.parallel:loop closed
[1.940s] DEBUG:colcon.colcon_parallel_executor.executor.parallel:run_until_complete finished with '0'
[1.940s] DEBUG:colcon.colcon_core.event_reactor:joining thread
[1.959s] INFO:colcon.colcon_core.plugin_system:Skipping extension 'colcon_notification.desktop_notification.terminal_notifier': Not used on non-Darwin systems
[1.959s] INFO:colcon.colcon_core.plugin_system:Skipping extension 'colcon_notification.desktop_notification.win32': Not used on non-Windows systems
[1.959s] INFO:colcon.colcon_notification.desktop_notification:Sending desktop notification using 'notify2'
[1.995s] DEBUG:colcon.colcon_core.event_reactor:joined thread
[1.996s] INFO:colcon.colcon_core.shell:Creating prefix script '/home/miriam/MIVIA_ROVER_JETSON/install/local_setup.ps1'
[1.999s] INFO:colcon.colcon_core.shell:Creating prefix util module '/home/miriam/MIVIA_ROVER_JETSON/install/_local_setup_util_ps1.py'
[2.004s] INFO:colcon.colcon_core.shell:Creating prefix chain script '/home/miriam/MIVIA_ROVER_JETSON/install/setup.ps1'
[2.010s] INFO:colcon.colcon_core.shell:Creating prefix script '/home/miriam/MIVIA_ROVER_JETSON/install/local_setup.sh'
[2.012s] INFO:colcon.colcon_core.shell:Creating prefix util module '/home/miriam/MIVIA_ROVER_JETSON/install/_local_setup_util_sh.py'
[2.014s] INFO:colcon.colcon_core.shell:Creating prefix chain script '/home/miriam/MIVIA_ROVER_JETSON/install/setup.sh'
[2.019s] INFO:colcon.colcon_core.shell:Creating prefix script '/home/miriam/MIVIA_ROVER_JETSON/install/local_setup.bash'
[2.020s] INFO:colcon.colcon_core.shell:Creating prefix chain script '/home/miriam/MIVIA_ROVER_JETSON/install/setup.bash'
[2.025s] INFO:colcon.colcon_core.shell:Creating prefix script '/home/miriam/MIVIA_ROVER_JETSON/install/local_setup.zsh'
[2.027s] INFO:colcon.colcon_core.shell:Creating prefix chain script '/home/miriam/MIVIA_ROVER_JETSON/install/setup.zsh'
