[0.208s] DEBUG:colcon:Command line arguments: ['/usr/bin/colcon', 'build', '--merge-install']
[0.208s] DEBUG:colcon:Parsed command line arguments: Namespace(log_base=None, log_level=None, verb_name='build', build_base='build', install_base='install', merge_install=True, symlink_install=False, test_result_base=None, continue_on_error=False, executor='parallel', parallel_workers=8, event_handlers=None, ignore_user_meta=False, metas=['./colcon.meta'], base_paths=['.'], packages_ignore=None, packages_ignore_regex=None, paths=None, packages_up_to=None, packages_up_to_regex=None, packages_above=None, packages_above_and_dependencies=None, packages_above_depth=None, packages_select_by_dep=None, packages_skip_by_dep=None, packages_skip_up_to=None, packages_select_build_failed=False, packages_skip_build_finished=False, packages_select_test_failures=False, packages_skip_test_passed=False, packages_select=None, packages_skip=None, packages_select_regex=None, packages_skip_regex=None, packages_start=None, packages_end=None, allow_overriding=[], cmake_args=None, cmake_target=None, cmake_target_skip_unavailable=False, cmake_clean_cache=False, cmake_clean_first=False, cmake_force_configure=False, ament_cmake_args=None, catkin_cmake_args=None, catkin_skip_building_tests=False, mixin_files=None, mixin=None, verb_parser=<colcon_mixin.mixin.mixin_argument.MixinArgumentDecorator object at 0xffff94586da0>, verb_extension=<colcon_core.verb.build.BuildVerb object at 0xffff94783bb0>, main=<bound method BuildVerb.main of <colcon_core.verb.build.BuildVerb object at 0xffff94783bb0>>, mixin_verb=('build',))
[0.527s] Level 1:colcon.colcon_core.package_discovery:discover_packages(colcon_meta) check parameters
[0.528s] Level 1:colcon.colcon_core.package_discovery:discover_packages(recursive) check parameters
[0.528s] Level 1:colcon.colcon_core.package_discovery:discover_packages(ignore) check parameters
[0.528s] Level 1:colcon.colcon_core.package_discovery:discover_packages(path) check parameters
[0.528s] Level 1:colcon.colcon_core.package_discovery:discover_packages(colcon_meta) discover
[0.528s] Level 1:colcon.colcon_core.package_discovery:discover_packages(recursive) discover
[0.528s] INFO:colcon.colcon_core.package_discovery:Crawling recursively for packages in '/home/miriam/MIVIA_ROVER_JETSON'
[0.528s] Level 1:colcon.colcon_core.package_identification:_identify(.) by extensions ['ignore', 'ignore_ament_install']
[0.528s] Level 1:colcon.colcon_core.package_identification:_identify(.) by extension 'ignore'
[0.528s] Level 1:colcon.colcon_core.package_identification:_identify(.) by extension 'ignore_ament_install'
[0.529s] Level 1:colcon.colcon_core.package_identification:_identify(.) by extensions ['colcon_pkg']
[0.529s] Level 1:colcon.colcon_core.package_identification:_identify(.) by extension 'colcon_pkg'
[0.529s] Level 1:colcon.colcon_core.package_identification:_identify(.) by extensions ['colcon_meta']
[0.529s] Level 1:colcon.colcon_core.package_identification:_identify(.) by extension 'colcon_meta'
[0.529s] Level 1:colcon.colcon_core.package_identification:_identify(.) by extensions ['ros']
[0.529s] Level 1:colcon.colcon_core.package_identification:_identify(.) by extension 'ros'
[0.552s] DEBUG:colcon.colcon_core.package_identification:Package '.' with type 'ros.ament_cmake' and name 'mivia_rover_jetson'
[0.552s] Level 1:colcon.colcon_core.package_discovery:discover_packages(recursive) using defaults
[0.552s] Level 1:colcon.colcon_core.package_discovery:discover_packages(ignore) discover
[0.552s] Level 1:colcon.colcon_core.package_discovery:discover_packages(ignore) using defaults
[0.552s] Level 1:colcon.colcon_core.package_discovery:discover_packages(path) discover
[0.552s] Level 1:colcon.colcon_core.package_discovery:discover_packages(path) using defaults
[0.610s] Level 1:colcon.colcon_core.package_discovery:discover_packages(prefix_path) check parameters
[0.610s] Level 1:colcon.colcon_core.package_discovery:discover_packages(prefix_path) discover
[0.615s] DEBUG:colcon.colcon_installed_package_information.package_discovery:Found 1 installed packages in /home/miriam/MIVIA_ROVER_JETSON/install
[0.616s] DEBUG:colcon.colcon_installed_package_information.package_discovery:Found 16 installed packages in /home/miriam/ros2_ws/install
[0.618s] DEBUG:colcon.colcon_installed_package_information.package_discovery:Found 274 installed packages in /opt/ros/humble
[0.621s] Level 1:colcon.colcon_core.package_discovery:discover_packages(prefix_path) using defaults
[0.688s] Level 5:colcon.colcon_core.verb:set package 'mivia_rover_jetson' build argument 'cmake_args' from command line to 'None'
[0.689s] Level 5:colcon.colcon_core.verb:set package 'mivia_rover_jetson' build argument 'cmake_target' from command line to 'None'
[0.689s] Level 5:colcon.colcon_core.verb:set package 'mivia_rover_jetson' build argument 'cmake_target_skip_unavailable' from command line to 'False'
[0.689s] Level 5:colcon.colcon_core.verb:set package 'mivia_rover_jetson' build argument 'cmake_clean_cache' from command line to 'False'
[0.689s] Level 5:colcon.colcon_core.verb:set package 'mivia_rover_jetson' build argument 'cmake_clean_first' from command line to 'False'
[0.689s] Level 5:colcon.colcon_core.verb:set package 'mivia_rover_jetson' build argument 'cmake_force_configure' from command line to 'False'
[0.689s] Level 5:colcon.colcon_core.verb:set package 'mivia_rover_jetson' build argument 'ament_cmake_args' from command line to 'None'
[0.689s] Level 5:colcon.colcon_core.verb:set package 'mivia_rover_jetson' build argument 'catkin_cmake_args' from command line to 'None'
[0.689s] Level 5:colcon.colcon_core.verb:set package 'mivia_rover_jetson' build argument 'catkin_skip_building_tests' from command line to 'False'
[0.689s] DEBUG:colcon.colcon_core.verb:Building package 'mivia_rover_jetson' with the following arguments: {'ament_cmake_args': None, 'build_base': '/home/miriam/MIVIA_ROVER_JETSON/build/mivia_rover_jetson', 'catkin_cmake_args': None, 'catkin_skip_building_tests': False, 'cmake_args': None, 'cmake_clean_cache': False, 'cmake_clean_first': False, 'cmake_force_configure': False, 'cmake_target': None, 'cmake_target_skip_unavailable': False, 'install_base': '/home/miriam/MIVIA_ROVER_JETSON/install', 'merge_install': True, 'path': '/home/miriam/MIVIA_ROVER_JETSON', 'symlink_install': False, 'test_result_base': None}
[0.689s] INFO:colcon.colcon_core.executor:Executing jobs using 'parallel' executor
[0.692s] DEBUG:colcon.colcon_parallel_executor.executor.parallel:run_until_complete
[0.692s] INFO:colcon.colcon_ros.task.ament_cmake.build:Building ROS package in '/home/miriam/MIVIA_ROVER_JETSON' with build type 'ament_cmake'
[0.692s] INFO:colcon.colcon_cmake.task.cmake.build:Building CMake package in '/home/miriam/MIVIA_ROVER_JETSON'
[0.696s] INFO:colcon.colcon_core.plugin_system:Skipping extension 'colcon_core.shell.bat': Not used on non-Windows systems
[0.697s] INFO:colcon.colcon_core.shell:Skip shell extension 'powershell' for command environment: Not usable outside of PowerShell
[0.697s] DEBUG:colcon.colcon_core.shell:Skip shell extension 'dsv' for command environment
[0.717s] DEBUG:colcon.colcon_core.event_handler.log_command:Invoking command in '/home/miriam/MIVIA_ROVER_JETSON/build/mivia_rover_jetson': CMAKE_PREFIX_PATH=${CMAKE_PREFIX_PATH}:/home/miriam/ros2_ws/install/rover_bringup_pkg:/home/miriam/ros2_ws/install/dwm1001_visualization:/home/miriam/ros2_ws/install/dwm1001_transform:/home/miriam/ros2_ws/install/dwm1001_driver:/opt/ros/humble /usr/bin/cmake --build /home/miriam/MIVIA_ROVER_JETSON/build/mivia_rover_jetson -- -j8 -l8
[1.777s] DEBUG:colcon.colcon_core.event_handler.log_command:Invoked command in '/home/miriam/MIVIA_ROVER_JETSON/build/mivia_rover_jetson' returned '2': CMAKE_PREFIX_PATH=${CMAKE_PREFIX_PATH}:/home/miriam/ros2_ws/install/rover_bringup_pkg:/home/miriam/ros2_ws/install/dwm1001_visualization:/home/miriam/ros2_ws/install/dwm1001_transform:/home/miriam/ros2_ws/install/dwm1001_driver:/opt/ros/humble /usr/bin/cmake --build /home/miriam/MIVIA_ROVER_JETSON/build/mivia_rover_jetson -- -j8 -l8
[1.779s] Level 1:colcon.colcon_core.environment:create_environment_scripts_only(mivia_rover_jetson)
[1.786s] Level 1:colcon.colcon_core.environment:checking '/home/miriam/MIVIA_ROVER_JETSON/install' for CMake module files
[1.787s] Level 1:colcon.colcon_core.environment:checking '/home/miriam/MIVIA_ROVER_JETSON/install' for CMake config files
[1.788s] Level 1:colcon.colcon_core.shell:create_environment_hook('mivia_rover_jetson', 'cmake_prefix_path')
[1.788s] INFO:colcon.colcon_core.shell:Creating environment hook '/home/miriam/MIVIA_ROVER_JETSON/install/share/mivia_rover_jetson/hook/cmake_prefix_path.ps1'
[1.791s] INFO:colcon.colcon_core.shell:Creating environment descriptor '/home/miriam/MIVIA_ROVER_JETSON/install/share/mivia_rover_jetson/hook/cmake_prefix_path.dsv'
[1.792s] INFO:colcon.colcon_core.shell:Creating environment hook '/home/miriam/MIVIA_ROVER_JETSON/install/share/mivia_rover_jetson/hook/cmake_prefix_path.sh'
[1.796s] Level 1:colcon.colcon_core.environment:checking '/home/miriam/MIVIA_ROVER_JETSON/install/bin'
[1.796s] Level 1:colcon.colcon_core.environment:checking '/home/miriam/MIVIA_ROVER_JETSON/install/lib/pkgconfig/mivia_rover_jetson.pc'
[1.797s] Level 1:colcon.colcon_core.environment:checking '/home/miriam/MIVIA_ROVER_JETSON/install/lib/python3.10/site-packages'
[1.798s] Level 1:colcon.colcon_core.environment:checking '/home/miriam/MIVIA_ROVER_JETSON/install/bin'
[1.799s] INFO:colcon.colcon_core.shell:Creating package script '/home/miriam/MIVIA_ROVER_JETSON/install/share/mivia_rover_jetson/package.ps1'
[1.803s] INFO:colcon.colcon_core.shell:Creating package descriptor '/home/miriam/MIVIA_ROVER_JETSON/install/share/mivia_rover_jetson/package.dsv'
[1.805s] INFO:colcon.colcon_core.shell:Creating package script '/home/miriam/MIVIA_ROVER_JETSON/install/share/mivia_rover_jetson/package.sh'
[1.808s] INFO:colcon.colcon_core.shell:Creating package script '/home/miriam/MIVIA_ROVER_JETSON/install/share/mivia_rover_jetson/package.bash'
[1.811s] INFO:colcon.colcon_core.shell:Creating package script '/home/miriam/MIVIA_ROVER_JETSON/install/share/mivia_rover_jetson/package.zsh'
[1.814s] Level 1:colcon.colcon_core.environment:create_file_with_runtime_dependencies(/home/miriam/MIVIA_ROVER_JETSON/install/share/colcon-core/packages/mivia_rover_jetson)
[1.826s] DEBUG:colcon.colcon_parallel_executor.executor.parallel:closing loop
[1.826s] DEBUG:colcon.colcon_parallel_executor.executor.parallel:loop closed
[1.827s] DEBUG:colcon.colcon_parallel_executor.executor.parallel:run_until_complete finished with '2'
[1.827s] DEBUG:colcon.colcon_core.event_reactor:joining thread
[1.848s] INFO:colcon.colcon_core.plugin_system:Skipping extension 'colcon_notification.desktop_notification.terminal_notifier': Not used on non-Darwin systems
[1.848s] INFO:colcon.colcon_core.plugin_system:Skipping extension 'colcon_notification.desktop_notification.win32': Not used on non-Windows systems
[1.848s] INFO:colcon.colcon_notification.desktop_notification:Sending desktop notification using 'notify2'
[1.892s] DEBUG:colcon.colcon_core.event_reactor:joined thread
[1.894s] INFO:colcon.colcon_core.shell:Creating prefix script '/home/miriam/MIVIA_ROVER_JETSON/install/local_setup.ps1'
[1.897s] INFO:colcon.colcon_core.shell:Creating prefix util module '/home/miriam/MIVIA_ROVER_JETSON/install/_local_setup_util_ps1.py'
[1.902s] INFO:colcon.colcon_core.shell:Creating prefix chain script '/home/miriam/MIVIA_ROVER_JETSON/install/setup.ps1'
[1.908s] INFO:colcon.colcon_core.shell:Creating prefix script '/home/miriam/MIVIA_ROVER_JETSON/install/local_setup.sh'
[1.911s] INFO:colcon.colcon_core.shell:Creating prefix util module '/home/miriam/MIVIA_ROVER_JETSON/install/_local_setup_util_sh.py'
[1.913s] INFO:colcon.colcon_core.shell:Creating prefix chain script '/home/miriam/MIVIA_ROVER_JETSON/install/setup.sh'
[1.919s] INFO:colcon.colcon_core.shell:Creating prefix script '/home/miriam/MIVIA_ROVER_JETSON/install/local_setup.bash'
[1.921s] INFO:colcon.colcon_core.shell:Creating prefix chain script '/home/miriam/MIVIA_ROVER_JETSON/install/setup.bash'
[1.924s] INFO:colcon.colcon_core.shell:Creating prefix script '/home/miriam/MIVIA_ROVER_JETSON/install/local_setup.zsh'
[1.926s] INFO:colcon.colcon_core.shell:Creating prefix chain script '/home/miriam/MIVIA_ROVER_JETSON/install/setup.zsh'
