[0.021s] Invoking command in '/home/miriam/MIVIA_ROVER_JETSON/build/mivia_rover_jetson': CMAKE_PREFIX_PATH=${CMAKE_PREFIX_PATH}:/home/miriam/ros2_ws/install/rover_bringup_pkg:/home/miriam/ros2_ws/install/dwm1001_visualization:/home/miriam/ros2_ws/install/dwm1001_transform:/home/miriam/ros2_ws/install/dwm1001_driver:/opt/ros/humble /usr/bin/cmake --build /home/miriam/MIVIA_ROVER_JETSON/build/mivia_rover_jetson -- -j8 -l8
[0.069s] -- Found ament_cmake: 1.3.12 (/opt/ros/humble/share/ament_cmake/cmake)
[0.328s] -- Found rclcpp: 16.0.14 (/opt/ros/humble/share/rclcpp/cmake)
[0.399s] -- Found rosidl_generator_c: 3.1.7 (/opt/ros/humble/share/rosidl_generator_c/cmake)
[0.402s] -- Found rosidl_adapter: 3.1.7 (/opt/ros/humble/share/rosidl_adapter/cmake)
[0.412s] -- Found rosidl_generator_cpp: 3.1.7 (/opt/ros/humble/share/rosidl_generator_cpp/cmake)
[0.428s] -- Using all available rosidl_typesupport_c: rosidl_typesupport_fastrtps_c;rosidl_typesupport_introspection_c
[0.449s] -- Using all available rosidl_typesupport_cpp: rosidl_typesupport_fastrtps_cpp;rosidl_typesupport_introspection_cpp
[0.502s] -- Found rmw_implementation_cmake: 6.1.2 (/opt/ros/humble/share/rmw_implementation_cmake/cmake)
[0.505s] -- Found rmw_fastrtps_cpp: 6.2.8 (/opt/ros/humble/share/rmw_fastrtps_cpp/cmake)
[0.692s] -- Using RMW implementation 'rmw_fastrtps_cpp' as default
[0.771s] -- Found ament_lint_auto: 0.12.14 (/opt/ros/humble/share/ament_lint_auto/cmake)
[0.955s] -- Added test 'cppcheck' to perform static code analysis on C / C++ code
[0.955s] -- Configured cppcheck include dirs: 
[0.955s] -- Configured cppcheck exclude dirs and/or files: 
[0.961s] -- Added test 'flake8' to check Python code syntax and style conventions
[0.973s] -- Added test 'lint_cmake' to check CMake code style
[0.979s] -- Added test 'pep257' to check Python code against some of the docstring style conventions in PEP 257
[1.026s] -- Added test 'uncrustify' to check C / C++ code style
[1.026s] -- Configured uncrustify additional arguments: 
[1.032s] -- Added test 'xmllint' to check XML markup files
[1.034s] -- Configuring done
[1.043s] -- Generating done
[1.048s] -- Build files have been written to: /home/miriam/MIVIA_ROVER_JETSON/build/mivia_rover_jetson
[1.129s] Invoked command in '/home/miriam/MIVIA_ROVER_JETSON/build/mivia_rover_jetson' returned '0': CMAKE_PREFIX_PATH=${CMAKE_PREFIX_PATH}:/home/miriam/ros2_ws/install/rover_bringup_pkg:/home/miriam/ros2_ws/install/dwm1001_visualization:/home/miriam/ros2_ws/install/dwm1001_transform:/home/miriam/ros2_ws/install/dwm1001_driver:/opt/ros/humble /usr/bin/cmake --build /home/miriam/MIVIA_ROVER_JETSON/build/mivia_rover_jetson -- -j8 -l8
[1.155s] Invoking command in '/home/miriam/MIVIA_ROVER_JETSON/build/mivia_rover_jetson': CMAKE_PREFIX_PATH=${CMAKE_PREFIX_PATH}:/home/miriam/ros2_ws/install/rover_bringup_pkg:/home/miriam/ros2_ws/install/dwm1001_visualization:/home/miriam/ros2_ws/install/dwm1001_transform:/home/miriam/ros2_ws/install/dwm1001_driver:/opt/ros/humble /usr/bin/cmake --install /home/miriam/MIVIA_ROVER_JETSON/build/mivia_rover_jetson
[1.172s] -- Install configuration: ""
[1.172s] -- Up-to-date: /home/miriam/MIVIA_ROVER_JETSON/install/share/ament_index/resource_index/package_run_dependencies/mivia_rover_jetson
[1.172s] -- Installing: /home/miriam/MIVIA_ROVER_JETSON/install/share/ament_index/resource_index/parent_prefix_path/mivia_rover_jetson
[1.172s] -- Up-to-date: /home/miriam/MIVIA_ROVER_JETSON/install/share/mivia_rover_jetson/environment/ament_prefix_path.sh
[1.172s] -- Installing: /home/miriam/MIVIA_ROVER_JETSON/install/share/mivia_rover_jetson/environment/ament_prefix_path.dsv
[1.173s] -- Up-to-date: /home/miriam/MIVIA_ROVER_JETSON/install/share/mivia_rover_jetson/environment/path.sh
[1.173s] -- Installing: /home/miriam/MIVIA_ROVER_JETSON/install/share/mivia_rover_jetson/environment/path.dsv
[1.173s] -- Up-to-date: /home/miriam/MIVIA_ROVER_JETSON/install/share/mivia_rover_jetson/local_setup.bash
[1.173s] -- Up-to-date: /home/miriam/MIVIA_ROVER_JETSON/install/share/mivia_rover_jetson/local_setup.sh
[1.173s] -- Up-to-date: /home/miriam/MIVIA_ROVER_JETSON/install/share/mivia_rover_jetson/local_setup.zsh
[1.173s] -- Installing: /home/miriam/MIVIA_ROVER_JETSON/install/share/mivia_rover_jetson/local_setup.dsv
[1.174s] -- Installing: /home/miriam/MIVIA_ROVER_JETSON/install/share/mivia_rover_jetson/package.dsv
[1.174s] -- Up-to-date: /home/miriam/MIVIA_ROVER_JETSON/install/share/ament_index/resource_index/packages/mivia_rover_jetson
[1.174s] -- Up-to-date: /home/miriam/MIVIA_ROVER_JETSON/install/share/mivia_rover_jetson/cmake/mivia_rover_jetsonConfig.cmake
[1.174s] -- Up-to-date: /home/miriam/MIVIA_ROVER_JETSON/install/share/mivia_rover_jetson/cmake/mivia_rover_jetsonConfig-version.cmake
[1.174s] -- Up-to-date: /home/miriam/MIVIA_ROVER_JETSON/install/share/mivia_rover_jetson/package.xml
[1.179s] Invoked command in '/home/miriam/MIVIA_ROVER_JETSON/build/mivia_rover_jetson' returned '0': CMAKE_PREFIX_PATH=${CMAKE_PREFIX_PATH}:/home/miriam/ros2_ws/install/rover_bringup_pkg:/home/miriam/ros2_ws/install/dwm1001_visualization:/home/miriam/ros2_ws/install/dwm1001_transform:/home/miriam/ros2_ws/install/dwm1001_driver:/opt/ros/humble /usr/bin/cmake --install /home/miriam/MIVIA_ROVER_JETSON/build/mivia_rover_jetson
