[0.021s] Invoking command in '/home/miriam/MIVIA_ROVER_JETSON/build/mivia_rover_jetson': CMAKE_PREFIX_PATH=${CMAKE_PREFIX_PATH}:/home/miriam/ros2_ws/install/rover_bringup_pkg:/home/miriam/ros2_ws/install/dwm1001_visualization:/home/miriam/ros2_ws/install/dwm1001_transform:/home/miriam/ros2_ws/install/dwm1001_driver:/opt/ros/humble /usr/bin/cmake /home/miriam/MIVIA_ROVER_JETSON -DCMAKE_INSTALL_PREFIX=/home/miriam/MIVIA_ROVER_JETSON/install
[0.132s] -- The C compiler identification is GNU 11.4.0
[0.248s] -- The CXX compiler identification is GNU 11.4.0
[0.266s] -- Detecting C compiler ABI info
[0.429s] -- Detecting C compiler ABI info - done
[0.444s] -- Check for working C compiler: /usr/bin/cc - skipped
[0.445s] -- Detecting C compile features
[0.445s] -- Detecting C compile features - done
[0.454s] -- Detecting CXX compiler ABI info
[0.633s] -- Detecting CXX compiler ABI info - done
[0.647s] -- Check for working CXX compiler: /usr/bin/c++ - skipped
[0.648s] -- Detecting CXX compile features
[0.649s] -- Detecting CXX compile features - done
[0.663s] -- Found ament_cmake: 1.3.12 (/opt/ros/humble/share/ament_cmake/cmake)
[0.999s] -- Found Python3: /usr/bin/python3 (found version "3.10.12") found components: Interpreter 
[1.220s] -- Found rclcpp: 16.0.14 (/opt/ros/humble/share/rclcpp/cmake)
[1.322s] -- Found rosidl_generator_c: 3.1.7 (/opt/ros/humble/share/rosidl_generator_c/cmake)
[1.334s] -- Found rosidl_adapter: 3.1.7 (/opt/ros/humble/share/rosidl_adapter/cmake)
[1.352s] -- Found rosidl_generator_cpp: 3.1.7 (/opt/ros/humble/share/rosidl_generator_cpp/cmake)
[1.378s] -- Using all available rosidl_typesupport_c: rosidl_typesupport_fastrtps_c;rosidl_typesupport_introspection_c
[1.412s] -- Using all available rosidl_typesupport_cpp: rosidl_typesupport_fastrtps_cpp;rosidl_typesupport_introspection_cpp
[1.506s] -- Found rmw_implementation_cmake: 6.1.2 (/opt/ros/humble/share/rmw_implementation_cmake/cmake)
[1.513s] -- Found rmw_fastrtps_cpp: 6.2.8 (/opt/ros/humble/share/rmw_fastrtps_cpp/cmake)
[1.691s] -- Found OpenSSL: /usr/lib/aarch64-linux-gnu/libcrypto.so (found version "3.0.2")  
[1.753s] -- Found FastRTPS: /opt/ros/humble/include  
[1.835s] -- Using RMW implementation 'rmw_fastrtps_cpp' as default
[1.856s] -- Looking for pthread.h
[2.005s] -- Looking for pthread.h - found
[2.006s] -- Performing Test CMAKE_HAVE_LIBC_PTHREAD
[2.170s] -- Performing Test CMAKE_HAVE_LIBC_PTHREAD - Success
[2.172s] -- Found Threads: TRUE  
[2.296s] -- Found ament_lint_auto: 0.12.14 (/opt/ros/humble/share/ament_lint_auto/cmake)
[2.502s] -- Added test 'cppcheck' to perform static code analysis on C / C++ code
[2.502s] -- Configured cppcheck include dirs: 
[2.502s] -- Configured cppcheck exclude dirs and/or files: 
[2.508s] -- Added test 'flake8' to check Python code syntax and style conventions
[2.520s] -- Added test 'lint_cmake' to check CMake code style
[2.526s] -- Added test 'pep257' to check Python code against some of the docstring style conventions in PEP 257
[2.567s] -- Added test 'uncrustify' to check C / C++ code style
[2.567s] -- Configured uncrustify additional arguments: 
[2.573s] -- Added test 'xmllint' to check XML markup files
[2.576s] -- Configuring done
[2.586s] -- Generating done
[2.590s] -- Build files have been written to: /home/miriam/MIVIA_ROVER_JETSON/build/mivia_rover_jetson
[2.612s] Invoked command in '/home/miriam/MIVIA_ROVER_JETSON/build/mivia_rover_jetson' returned '0': CMAKE_PREFIX_PATH=${CMAKE_PREFIX_PATH}:/home/miriam/ros2_ws/install/rover_bringup_pkg:/home/miriam/ros2_ws/install/dwm1001_visualization:/home/miriam/ros2_ws/install/dwm1001_transform:/home/miriam/ros2_ws/install/dwm1001_driver:/opt/ros/humble /usr/bin/cmake /home/miriam/MIVIA_ROVER_JETSON -DCMAKE_INSTALL_PREFIX=/home/miriam/MIVIA_ROVER_JETSON/install
[2.617s] Invoking command in '/home/miriam/MIVIA_ROVER_JETSON/build/mivia_rover_jetson': CMAKE_PREFIX_PATH=${CMAKE_PREFIX_PATH}:/home/miriam/ros2_ws/install/rover_bringup_pkg:/home/miriam/ros2_ws/install/dwm1001_visualization:/home/miriam/ros2_ws/install/dwm1001_transform:/home/miriam/ros2_ws/install/dwm1001_driver:/opt/ros/humble /usr/bin/cmake --build /home/miriam/MIVIA_ROVER_JETSON/build/mivia_rover_jetson -- -j8 -l8
[2.709s] Invoked command in '/home/miriam/MIVIA_ROVER_JETSON/build/mivia_rover_jetson' returned '0': CMAKE_PREFIX_PATH=${CMAKE_PREFIX_PATH}:/home/miriam/ros2_ws/install/rover_bringup_pkg:/home/miriam/ros2_ws/install/dwm1001_visualization:/home/miriam/ros2_ws/install/dwm1001_transform:/home/miriam/ros2_ws/install/dwm1001_driver:/opt/ros/humble /usr/bin/cmake --build /home/miriam/MIVIA_ROVER_JETSON/build/mivia_rover_jetson -- -j8 -l8
[2.740s] Invoking command in '/home/miriam/MIVIA_ROVER_JETSON/build/mivia_rover_jetson': CMAKE_PREFIX_PATH=${CMAKE_PREFIX_PATH}:/home/miriam/ros2_ws/install/rover_bringup_pkg:/home/miriam/ros2_ws/install/dwm1001_visualization:/home/miriam/ros2_ws/install/dwm1001_transform:/home/miriam/ros2_ws/install/dwm1001_driver:/opt/ros/humble /usr/bin/cmake --install /home/miriam/MIVIA_ROVER_JETSON/build/mivia_rover_jetson
[2.760s] -- Install configuration: ""
[2.761s] -- Installing: /home/miriam/MIVIA_ROVER_JETSON/install/share/ament_index/resource_index/package_run_dependencies/mivia_rover_jetson
[2.761s] -- Installing: /home/miriam/MIVIA_ROVER_JETSON/install/share/ament_index/resource_index/parent_prefix_path/mivia_rover_jetson
[2.762s] -- Installing: /home/miriam/MIVIA_ROVER_JETSON/install/share/mivia_rover_jetson/environment/ament_prefix_path.sh
[2.762s] -- Installing: /home/miriam/MIVIA_ROVER_JETSON/install/share/mivia_rover_jetson/environment/ament_prefix_path.dsv
[2.762s] -- Installing: /home/miriam/MIVIA_ROVER_JETSON/install/share/mivia_rover_jetson/environment/path.sh
[2.763s] -- Installing: /home/miriam/MIVIA_ROVER_JETSON/install/share/mivia_rover_jetson/environment/path.dsv
[2.763s] -- Installing: /home/miriam/MIVIA_ROVER_JETSON/install/share/mivia_rover_jetson/local_setup.bash
[2.763s] -- Installing: /home/miriam/MIVIA_ROVER_JETSON/install/share/mivia_rover_jetson/local_setup.sh
[2.763s] -- Installing: /home/miriam/MIVIA_ROVER_JETSON/install/share/mivia_rover_jetson/local_setup.zsh
[2.763s] -- Installing: /home/miriam/MIVIA_ROVER_JETSON/install/share/mivia_rover_jetson/local_setup.dsv
[2.764s] -- Installing: /home/miriam/MIVIA_ROVER_JETSON/install/share/mivia_rover_jetson/package.dsv
[2.764s] -- Installing: /home/miriam/MIVIA_ROVER_JETSON/install/share/ament_index/resource_index/packages/mivia_rover_jetson
[2.764s] -- Installing: /home/miriam/MIVIA_ROVER_JETSON/install/share/mivia_rover_jetson/cmake/mivia_rover_jetsonConfig.cmake
[2.764s] -- Installing: /home/miriam/MIVIA_ROVER_JETSON/install/share/mivia_rover_jetson/cmake/mivia_rover_jetsonConfig-version.cmake
[2.765s] -- Installing: /home/miriam/MIVIA_ROVER_JETSON/install/share/mivia_rover_jetson/package.xml
[2.770s] Invoked command in '/home/miriam/MIVIA_ROVER_JETSON/build/mivia_rover_jetson' returned '0': CMAKE_PREFIX_PATH=${CMAKE_PREFIX_PATH}:/home/miriam/ros2_ws/install/rover_bringup_pkg:/home/miriam/ros2_ws/install/dwm1001_visualization:/home/miriam/ros2_ws/install/dwm1001_transform:/home/miriam/ros2_ws/install/dwm1001_driver:/opt/ros/humble /usr/bin/cmake --install /home/miriam/MIVIA_ROVER_JETSON/build/mivia_rover_jetson
