[0.208s] DEBUG:colcon:Command line arguments: ['/usr/bin/colcon', 'build', '--merge-install']
[0.208s] DEBUG:colcon:Parsed command line arguments: Namespace(log_base=None, log_level=None, verb_name='build', build_base='build', install_base='install', merge_install=True, symlink_install=False, test_result_base=None, continue_on_error=False, executor='parallel', parallel_workers=8, event_handlers=None, ignore_user_meta=False, metas=['./colcon.meta'], base_paths=['.'], packages_ignore=None, packages_ignore_regex=None, paths=None, packages_up_to=None, packages_up_to_regex=None, packages_above=None, packages_above_and_dependencies=None, packages_above_depth=None, packages_select_by_dep=None, packages_skip_by_dep=None, packages_skip_up_to=None, packages_select_build_failed=False, packages_skip_build_finished=False, packages_select_test_failures=False, packages_skip_test_passed=False, packages_select=None, packages_skip=None, packages_select_regex=None, packages_skip_regex=None, packages_start=None, packages_end=None, allow_overriding=[], cmake_args=None, cmake_target=None, cmake_target_skip_unavailable=False, cmake_clean_cache=False, cmake_clean_first=False, cmake_force_configure=False, ament_cmake_args=None, catkin_cmake_args=None, catkin_skip_building_tests=False, mixin_files=None, mixin=None, verb_parser=<colcon_mixin.mixin.mixin_argument.MixinArgumentDecorator object at 0xffff9abb2da0>, verb_extension=<colcon_core.verb.build.BuildVerb object at 0xffff9adafbb0>, main=<bound method BuildVerb.main of <colcon_core.verb.build.BuildVerb object at 0xffff9adafbb0>>, mixin_verb=('build',))
[0.530s] Level 1:colcon.colcon_core.package_discovery:discover_packages(colcon_meta) check parameters
[0.531s] Level 1:colcon.colcon_core.package_discovery:discover_packages(recursive) check parameters
[0.531s] Level 1:colcon.colcon_core.package_discovery:discover_packages(ignore) check parameters
[0.531s] Level 1:colcon.colcon_core.package_discovery:discover_packages(path) check parameters
[0.531s] Level 1:colcon.colcon_core.package_discovery:discover_packages(colcon_meta) discover
[0.531s] Level 1:colcon.colcon_core.package_discovery:discover_packages(recursive) discover
[0.531s] INFO:colcon.colcon_core.package_discovery:Crawling recursively for packages in '/home/miriam/MIVIA_ROVER_JETSON'
[0.532s] Level 1:colcon.colcon_core.package_identification:_identify(.) by extensions ['ignore', 'ignore_ament_install']
[0.532s] Level 1:colcon.colcon_core.package_identification:_identify(.) by extension 'ignore'
[0.532s] Level 1:colcon.colcon_core.package_identification:_identify(.) by extension 'ignore_ament_install'
[0.532s] Level 1:colcon.colcon_core.package_identification:_identify(.) by extensions ['colcon_pkg']
[0.532s] Level 1:colcon.colcon_core.package_identification:_identify(.) by extension 'colcon_pkg'
[0.532s] Level 1:colcon.colcon_core.package_identification:_identify(.) by extensions ['colcon_meta']
[0.532s] Level 1:colcon.colcon_core.package_identification:_identify(.) by extension 'colcon_meta'
[0.532s] Level 1:colcon.colcon_core.package_identification:_identify(.) by extensions ['ros']
[0.532s] Level 1:colcon.colcon_core.package_identification:_identify(.) by extension 'ros'
[0.556s] DEBUG:colcon.colcon_core.package_identification:Package '.' with type 'ros.ament_cmake' and name 'mivia_rover_jetson'
[0.556s] Level 1:colcon.colcon_core.package_discovery:discover_packages(recursive) using defaults
[0.557s] Level 1:colcon.colcon_core.package_discovery:discover_packages(ignore) discover
[0.557s] Level 1:colcon.colcon_core.package_discovery:discover_packages(ignore) using defaults
[0.557s] Level 1:colcon.colcon_core.package_discovery:discover_packages(path) discover
[0.557s] Level 1:colcon.colcon_core.package_discovery:discover_packages(path) using defaults
[0.621s] Level 1:colcon.colcon_core.package_discovery:discover_packages(prefix_path) check parameters
[0.621s] Level 1:colcon.colcon_core.package_discovery:discover_packages(prefix_path) discover
[0.626s] DEBUG:colcon.colcon_installed_package_information.package_discovery:Found 16 installed packages in /home/miriam/ros2_ws/install
[0.629s] DEBUG:colcon.colcon_installed_package_information.package_discovery:Found 274 installed packages in /opt/ros/humble
[0.631s] Level 1:colcon.colcon_core.package_discovery:discover_packages(prefix_path) using defaults
[0.699s] Level 5:colcon.colcon_core.verb:set package 'mivia_rover_jetson' build argument 'cmake_args' from command line to 'None'
[0.700s] Level 5:colcon.colcon_core.verb:set package 'mivia_rover_jetson' build argument 'cmake_target' from command line to 'None'
[0.700s] Level 5:colcon.colcon_core.verb:set package 'mivia_rover_jetson' build argument 'cmake_target_skip_unavailable' from command line to 'False'
[0.700s] Level 5:colcon.colcon_core.verb:set package 'mivia_rover_jetson' build argument 'cmake_clean_cache' from command line to 'False'
[0.700s] Level 5:colcon.colcon_core.verb:set package 'mivia_rover_jetson' build argument 'cmake_clean_first' from command line to 'False'
[0.700s] Level 5:colcon.colcon_core.verb:set package 'mivia_rover_jetson' build argument 'cmake_force_configure' from command line to 'False'
[0.700s] Level 5:colcon.colcon_core.verb:set package 'mivia_rover_jetson' build argument 'ament_cmake_args' from command line to 'None'
[0.700s] Level 5:colcon.colcon_core.verb:set package 'mivia_rover_jetson' build argument 'catkin_cmake_args' from command line to 'None'
[0.700s] Level 5:colcon.colcon_core.verb:set package 'mivia_rover_jetson' build argument 'catkin_skip_building_tests' from command line to 'False'
[0.700s] DEBUG:colcon.colcon_core.verb:Building package 'mivia_rover_jetson' with the following arguments: {'ament_cmake_args': None, 'build_base': '/home/miriam/MIVIA_ROVER_JETSON/build/mivia_rover_jetson', 'catkin_cmake_args': None, 'catkin_skip_building_tests': False, 'cmake_args': None, 'cmake_clean_cache': False, 'cmake_clean_first': False, 'cmake_force_configure': False, 'cmake_target': None, 'cmake_target_skip_unavailable': False, 'install_base': '/home/miriam/MIVIA_ROVER_JETSON/install', 'merge_install': True, 'path': '/home/miriam/MIVIA_ROVER_JETSON', 'symlink_install': False, 'test_result_base': None}
[0.700s] INFO:colcon.colcon_core.executor:Executing jobs using 'parallel' executor
[0.703s] DEBUG:colcon.colcon_parallel_executor.executor.parallel:run_until_complete
[0.703s] INFO:colcon.colcon_ros.task.ament_cmake.build:Building ROS package in '/home/miriam/MIVIA_ROVER_JETSON' with build type 'ament_cmake'
[0.703s] INFO:colcon.colcon_cmake.task.cmake.build:Building CMake package in '/home/miriam/MIVIA_ROVER_JETSON'
[0.707s] INFO:colcon.colcon_core.plugin_system:Skipping extension 'colcon_core.shell.bat': Not used on non-Windows systems
[0.707s] INFO:colcon.colcon_core.shell:Skip shell extension 'powershell' for command environment: Not usable outside of PowerShell
[0.708s] DEBUG:colcon.colcon_core.shell:Skip shell extension 'dsv' for command environment
[0.725s] DEBUG:colcon.colcon_core.event_handler.log_command:Invoking command in '/home/miriam/MIVIA_ROVER_JETSON/build/mivia_rover_jetson': CMAKE_PREFIX_PATH=${CMAKE_PREFIX_PATH}:/home/miriam/ros2_ws/install/rover_bringup_pkg:/home/miriam/ros2_ws/install/dwm1001_visualization:/home/miriam/ros2_ws/install/dwm1001_transform:/home/miriam/ros2_ws/install/dwm1001_driver:/opt/ros/humble /usr/bin/cmake /home/miriam/MIVIA_ROVER_JETSON -DCMAKE_INSTALL_PREFIX=/home/miriam/MIVIA_ROVER_JETSON/install
[3.316s] DEBUG:colcon.colcon_core.event_handler.log_command:Invoked command in '/home/miriam/MIVIA_ROVER_JETSON/build/mivia_rover_jetson' returned '0': CMAKE_PREFIX_PATH=${CMAKE_PREFIX_PATH}:/home/miriam/ros2_ws/install/rover_bringup_pkg:/home/miriam/ros2_ws/install/dwm1001_visualization:/home/miriam/ros2_ws/install/dwm1001_transform:/home/miriam/ros2_ws/install/dwm1001_driver:/opt/ros/humble /usr/bin/cmake /home/miriam/MIVIA_ROVER_JETSON -DCMAKE_INSTALL_PREFIX=/home/miriam/MIVIA_ROVER_JETSON/install
[3.321s] DEBUG:colcon.colcon_core.event_handler.log_command:Invoking command in '/home/miriam/MIVIA_ROVER_JETSON/build/mivia_rover_jetson': CMAKE_PREFIX_PATH=${CMAKE_PREFIX_PATH}:/home/miriam/ros2_ws/install/rover_bringup_pkg:/home/miriam/ros2_ws/install/dwm1001_visualization:/home/miriam/ros2_ws/install/dwm1001_transform:/home/miriam/ros2_ws/install/dwm1001_driver:/opt/ros/humble /usr/bin/cmake --build /home/miriam/MIVIA_ROVER_JETSON/build/mivia_rover_jetson -- -j8 -l8
[3.413s] DEBUG:colcon.colcon_core.event_handler.log_command:Invoked command in '/home/miriam/MIVIA_ROVER_JETSON/build/mivia_rover_jetson' returned '0': CMAKE_PREFIX_PATH=${CMAKE_PREFIX_PATH}:/home/miriam/ros2_ws/install/rover_bringup_pkg:/home/miriam/ros2_ws/install/dwm1001_visualization:/home/miriam/ros2_ws/install/dwm1001_transform:/home/miriam/ros2_ws/install/dwm1001_driver:/opt/ros/humble /usr/bin/cmake --build /home/miriam/MIVIA_ROVER_JETSON/build/mivia_rover_jetson -- -j8 -l8
[3.445s] DEBUG:colcon.colcon_core.event_handler.log_command:Invoking command in '/home/miriam/MIVIA_ROVER_JETSON/build/mivia_rover_jetson': CMAKE_PREFIX_PATH=${CMAKE_PREFIX_PATH}:/home/miriam/ros2_ws/install/rover_bringup_pkg:/home/miriam/ros2_ws/install/dwm1001_visualization:/home/miriam/ros2_ws/install/dwm1001_transform:/home/miriam/ros2_ws/install/dwm1001_driver:/opt/ros/humble /usr/bin/cmake --install /home/miriam/MIVIA_ROVER_JETSON/build/mivia_rover_jetson
[3.472s] Level 1:colcon.colcon_core.environment:create_environment_scripts_only(mivia_rover_jetson)
[3.474s] DEBUG:colcon.colcon_core.event_handler.log_command:Invoked command in '/home/miriam/MIVIA_ROVER_JETSON/build/mivia_rover_jetson' returned '0': CMAKE_PREFIX_PATH=${CMAKE_PREFIX_PATH}:/home/miriam/ros2_ws/install/rover_bringup_pkg:/home/miriam/ros2_ws/install/dwm1001_visualization:/home/miriam/ros2_ws/install/dwm1001_transform:/home/miriam/ros2_ws/install/dwm1001_driver:/opt/ros/humble /usr/bin/cmake --install /home/miriam/MIVIA_ROVER_JETSON/build/mivia_rover_jetson
[3.483s] Level 1:colcon.colcon_core.environment:checking '/home/miriam/MIVIA_ROVER_JETSON/install' for CMake module files
[3.486s] Level 1:colcon.colcon_core.environment:checking '/home/miriam/MIVIA_ROVER_JETSON/install' for CMake config files
[3.487s] Level 1:colcon.colcon_core.shell:create_environment_hook('mivia_rover_jetson', 'cmake_prefix_path')
[3.488s] INFO:colcon.colcon_core.shell:Creating environment hook '/home/miriam/MIVIA_ROVER_JETSON/install/share/mivia_rover_jetson/hook/cmake_prefix_path.ps1'
[3.491s] INFO:colcon.colcon_core.shell:Creating environment descriptor '/home/miriam/MIVIA_ROVER_JETSON/install/share/mivia_rover_jetson/hook/cmake_prefix_path.dsv'
[3.493s] INFO:colcon.colcon_core.shell:Creating environment hook '/home/miriam/MIVIA_ROVER_JETSON/install/share/mivia_rover_jetson/hook/cmake_prefix_path.sh'
[3.496s] Level 1:colcon.colcon_core.environment:checking '/home/miriam/MIVIA_ROVER_JETSON/install/bin'
[3.497s] Level 1:colcon.colcon_core.environment:checking '/home/miriam/MIVIA_ROVER_JETSON/install/lib/pkgconfig/mivia_rover_jetson.pc'
[3.497s] Level 1:colcon.colcon_core.environment:checking '/home/miriam/MIVIA_ROVER_JETSON/install/lib/python3.10/site-packages'
[3.498s] Level 1:colcon.colcon_core.environment:checking '/home/miriam/MIVIA_ROVER_JETSON/install/bin'
[3.499s] INFO:colcon.colcon_core.shell:Creating package script '/home/miriam/MIVIA_ROVER_JETSON/install/share/mivia_rover_jetson/package.ps1'
[3.502s] INFO:colcon.colcon_core.shell:Creating package descriptor '/home/miriam/MIVIA_ROVER_JETSON/install/share/mivia_rover_jetson/package.dsv'
[3.505s] INFO:colcon.colcon_core.shell:Creating package script '/home/miriam/MIVIA_ROVER_JETSON/install/share/mivia_rover_jetson/package.sh'
[3.507s] INFO:colcon.colcon_core.shell:Creating package script '/home/miriam/MIVIA_ROVER_JETSON/install/share/mivia_rover_jetson/package.bash'
[3.510s] INFO:colcon.colcon_core.shell:Creating package script '/home/miriam/MIVIA_ROVER_JETSON/install/share/mivia_rover_jetson/package.zsh'
[3.513s] Level 1:colcon.colcon_core.environment:create_file_with_runtime_dependencies(/home/miriam/MIVIA_ROVER_JETSON/install/share/colcon-core/packages/mivia_rover_jetson)
[3.516s] Level 1:colcon.colcon_core.environment:create_environment_scripts_only(mivia_rover_jetson)
[3.517s] Level 1:colcon.colcon_core.environment:checking '/home/miriam/MIVIA_ROVER_JETSON/install' for CMake module files
[3.519s] Level 1:colcon.colcon_core.environment:checking '/home/miriam/MIVIA_ROVER_JETSON/install' for CMake config files
[3.520s] Level 1:colcon.colcon_core.shell:create_environment_hook('mivia_rover_jetson', 'cmake_prefix_path')
[3.520s] INFO:colcon.colcon_core.shell:Creating environment hook '/home/miriam/MIVIA_ROVER_JETSON/install/share/mivia_rover_jetson/hook/cmake_prefix_path.ps1'
[3.522s] INFO:colcon.colcon_core.shell:Creating environment descriptor '/home/miriam/MIVIA_ROVER_JETSON/install/share/mivia_rover_jetson/hook/cmake_prefix_path.dsv'
[3.523s] INFO:colcon.colcon_core.shell:Creating environment hook '/home/miriam/MIVIA_ROVER_JETSON/install/share/mivia_rover_jetson/hook/cmake_prefix_path.sh'
[3.526s] Level 1:colcon.colcon_core.environment:checking '/home/miriam/MIVIA_ROVER_JETSON/install/bin'
[3.526s] Level 1:colcon.colcon_core.environment:checking '/home/miriam/MIVIA_ROVER_JETSON/install/lib/pkgconfig/mivia_rover_jetson.pc'
[3.527s] Level 1:colcon.colcon_core.environment:checking '/home/miriam/MIVIA_ROVER_JETSON/install/lib/python3.10/site-packages'
[3.528s] Level 1:colcon.colcon_core.environment:checking '/home/miriam/MIVIA_ROVER_JETSON/install/bin'
[3.529s] INFO:colcon.colcon_core.shell:Creating package script '/home/miriam/MIVIA_ROVER_JETSON/install/share/mivia_rover_jetson/package.ps1'
[3.531s] INFO:colcon.colcon_core.shell:Creating package descriptor '/home/miriam/MIVIA_ROVER_JETSON/install/share/mivia_rover_jetson/package.dsv'
[3.533s] INFO:colcon.colcon_core.shell:Creating package script '/home/miriam/MIVIA_ROVER_JETSON/install/share/mivia_rover_jetson/package.sh'
[3.535s] INFO:colcon.colcon_core.shell:Creating package script '/home/miriam/MIVIA_ROVER_JETSON/install/share/mivia_rover_jetson/package.bash'
[3.537s] INFO:colcon.colcon_core.shell:Creating package script '/home/miriam/MIVIA_ROVER_JETSON/install/share/mivia_rover_jetson/package.zsh'
[3.538s] Level 1:colcon.colcon_core.environment:create_file_with_runtime_dependencies(/home/miriam/MIVIA_ROVER_JETSON/install/share/colcon-core/packages/mivia_rover_jetson)
[3.540s] DEBUG:colcon.colcon_parallel_executor.executor.parallel:closing loop
[3.541s] DEBUG:colcon.colcon_parallel_executor.executor.parallel:loop closed
[3.541s] DEBUG:colcon.colcon_parallel_executor.executor.parallel:run_until_complete finished with '0'
[3.541s] DEBUG:colcon.colcon_core.event_reactor:joining thread
[3.564s] INFO:colcon.colcon_core.plugin_system:Skipping extension 'colcon_notification.desktop_notification.terminal_notifier': Not used on non-Darwin systems
[3.565s] INFO:colcon.colcon_core.plugin_system:Skipping extension 'colcon_notification.desktop_notification.win32': Not used on non-Windows systems
[3.565s] INFO:colcon.colcon_notification.desktop_notification:Sending desktop notification using 'notify2'
[3.607s] DEBUG:colcon.colcon_core.event_reactor:joined thread
[3.608s] INFO:colcon.colcon_core.shell:Creating prefix script '/home/miriam/MIVIA_ROVER_JETSON/install/local_setup.ps1'
[3.612s] INFO:colcon.colcon_core.shell:Creating prefix util module '/home/miriam/MIVIA_ROVER_JETSON/install/_local_setup_util_ps1.py'
[3.616s] INFO:colcon.colcon_core.shell:Creating prefix chain script '/home/miriam/MIVIA_ROVER_JETSON/install/setup.ps1'
[3.620s] INFO:colcon.colcon_core.shell:Creating prefix script '/home/miriam/MIVIA_ROVER_JETSON/install/local_setup.sh'
[3.621s] INFO:colcon.colcon_core.shell:Creating prefix util module '/home/miriam/MIVIA_ROVER_JETSON/install/_local_setup_util_sh.py'
[3.623s] INFO:colcon.colcon_core.shell:Creating prefix chain script '/home/miriam/MIVIA_ROVER_JETSON/install/setup.sh'
[3.627s] INFO:colcon.colcon_core.shell:Creating prefix script '/home/miriam/MIVIA_ROVER_JETSON/install/local_setup.bash'
[3.629s] INFO:colcon.colcon_core.shell:Creating prefix chain script '/home/miriam/MIVIA_ROVER_JETSON/install/setup.bash'
[3.635s] INFO:colcon.colcon_core.shell:Creating prefix script '/home/miriam/MIVIA_ROVER_JETSON/install/local_setup.zsh'
[3.637s] INFO:colcon.colcon_core.shell:Creating prefix chain script '/home/miriam/MIVIA_ROVER_JETSON/install/setup.zsh'
